#-----------------------------------------------------------
# Vivado v2017.2 (64-bit)
# SW Build 1909853 on Thu Jun 15 18:39:09 MDT 2017
# IP Build 1909766 on Thu Jun 15 19:58:00 MDT 2017
# Start of session at: Fri Sep 20 22:40:29 2019
# Process ID: 5460
# Current directory: A:/Documents/Code_Simul/VivadoLab/Traffic_light_2
# Command line: vivado.exe -gui_launcher_event rodinguilauncherevent7076 A:\Documents\Code_Simul\VivadoLab\Traffic_light_2\Traffic_light_1.xpr
# Log file: A:/Documents/Code_Simul/VivadoLab/Traffic_light_2/vivado.log
# Journal file: A:/Documents/Code_Simul/VivadoLab/Traffic_light_2\vivado.jou
#-----------------------------------------------------------
start_gui
open_project A:/Documents/Code_Simul/VivadoLab/Traffic_light_2/Traffic_light_1.xpr
INFO: [Project 1-313] Project file moved from 'A:/Documents/code/VivadoLab/Traffic_light_1' since last save.
Scanning sources...
Finished scanning sources
ININFO: [IP_Flow 19-234] Refreshing IP repositories
INFO: [IP_Flow 19-1704] No user IP repositories specifieINFO: [IP_Flow 19-2313] Loaded Vivado IP repository 'C:/Xilinx/Vivado/2017.2/data/ip'.
open_project: Time (s): cpu = 00:00:22 ; elapsed = 00:00:18 . Memory (MB): peak = 767.805 ; gain = 27.066
update_compile_order -fileset sources_1
laexit
INFO: [Common 17-206] Exiting Vivado at Fri Sep 20 22:43:05 2019...
SIM-utils-54] Inspecting design source files for 'traffic_light_7_tb' in fileset 'sim_1'...
INFO: [USF-XSim-97] Finding global include files...
INFO: [USF-XSim-98] Fetching design files from 'sim_1'...
INFO: [USF-XSim-2] XSim::Compile design
INFO: [USF-XSim-61] Executing 'COMPILE and ANALYZE' step in 'A:/Documents/Code_Simul/VivadoLab/Traffic_light_2/Traffic_light_1.sim/sim_1/behav'
"xvhdl -m64 --relax -prj traffic_light_7_tb_vhdl.prj"
INFO: [VRFC 10-163] Analyzing VHDL file "A:/Documents/Code_Simul/VivadoLab/Traffic_light_2/Traffic_light_1.srcs/sources_1/new/traffic_light_7.vhd" into library xil_defaultlib
INFO: [VRFC 10-307] analyzing entity traffic_light_7
INFO: [VRFC 10-163] Analyzing VHDL file "A:/Documents/Code_Simul/VivadoLab/Traffic_light_2/Traffic_light_1.srcs/sim_1/new/tb_traffic_light_7.vhd" into library xil_defaultlib
INFO: [VRFC 10-307] analyzing entity traffic_light_7_tb
INFO: [USF-XSim-69] 'compile' step finished in '2' seconds
INFO: [USF-XSim-3] XSim::Elaborate design
INFO: [USF-XSim-61] Executing 'ELABORATE' step in 'A:/Documents/Code_Simul/VivadoLab/Traffic_light_2/Traffic_light_1.sim/sim_1/behav'
Vivado Simulator 2017.2
Copyright 1986-1999, 2001-2016 Xilinx, Inc. All Rights Reserved.
Running: C:/Xilinx/Vivado/2017.2/bin/unwrapped/win64.o/xelab.exe -wto 060d0a8452dc46169c038a58749af754 --debug typical --relax --mt 2 -L xil_defaultlib -L secureip --snapshot traffic_light_7_tb_behav xil_defaultlib.traffic_light_7_tb -log elaborate.log 
Using 2 slave threads.
Starting static elaboration
Completed static elaboration
Starting simulation data flow analysis
Completed simulation data flow analysis
Time Resolution for simulation is 1ps
Compiling package std.standard
Compiling package std.textio
Compiling package ieee.std_logic_1164
Compiling architecture behavioral of entity xil_defaultlib.traffic_light_7 [traffic_light_7_default]
Compiling architecture bench of entity xil_defaultlib.traffic_light_7_tb
Built simulation snapshot traffic_light_7_tb_behav

****** Webtalk v2017.2 (64-bit)
  **** SW Build 1909853 on Thu Jun 15 18:39:09 MDT 2017
  **** IP Build 1909766 on Thu Jun 15 19:58:00 MDT 2017
    ** Copyright 1986-2017 Xilinx, Inc. All Rights Reserved.

source A:/Documents/Code_Simul/VivadoLab/Traffic_light_2/Traffic_light_1.sim/sim_1/behav/xsim.dir/traffic_light_7_tb_behav/webtalk/xsim_webtalk.tcl -notrace
INFO: [Common 17-186] 'A:/Documents/Code_Simul/VivadoLab/Traffic_light_2/Traffic_light_1.sim/sim_1/behav/xsim.dir/traffic_light_7_tb_behav/webtalk/usage_statistics_ext_xsim.xml' has been successfully sent to Xilinx on Fri Sep 20 22:42:55 2019. For additional details about this file, please refer to the WebTalk help file at C:/Xilinx/Vivado/2017.2/doc/webtalk_introduction.html.
INFO: [Common 17-206] Exiting Webtalk at Fri Sep 20 22:42:55 2019...
run_program: Time (s): cpu = 00:00:01 ; elapsed = 00:00:08 . Memory (MB): peak = 767.805 ; gain = 0.000
INFO: [USF-XSim-69] 'elaborate' step finished in '8' seconds
INFO: [USF-XSim-4] XSim::Simulate design
INFO: [USF-XSim-61] Executing 'SIMULATE' step in 'A:/Documents/Code_Simul/VivadoLab/Traffic_light_2/Traffic_light_1.sim/sim_1/behav'
INFO: [USF-XSim-98] *** Running xsim
   with args "traffic_light_7_tb_behav -key {Behavioral:sim_1:Functional:traffic_light_7_tb} -tclbatch {traffic_light_7_tb.tcl} -view {A:/Documents/Code_Simul/VivadoLab/Traffic_light_2/traffic_light_6_tb_behav.wcfg} -log {simulate.log}"
INFO: [USF-XSim-8] Loading simulator feature
Vivado Simulator 2017.2
Time resolution is 1 ps
open_wave_config A:/Documents/Code_Simul/VivadoLab/Traffic_light_2/traffic_light_6_tb_behav.wcfg
source traffic_light_7_tb.tcl
# set curr_wave [current_wave_config]
# if { [string length $curr_wave] == 0 } {
#   if { [llength [get_objects]] > 0} {
#     add_wave /
#     set_property needs_save false [current_wave_config]
#   } else {
#      send_msg_id Add_Wave-1 WARNING "No top level signals found. Simulator will start without a wave window. If you want to open a wave window go to 'File->New Waveform Configuration' or type 'create_wave_config' in the TCL console."
#   }
# }
# run 1000ns
INFO: [USF-XSim-96] XSim completed. Design snapshot 'traffic_light_7_tb_behav' loaded.
INFO: [USF-XSim-97] XSim simulation ran for 1000ns
launch_simulation: Time (s): cpu = 00:00:08 ; elapsed = 00:00:14 . Memory (MB): peak = 782.770 ; gain = 14.965
close_sim
INFO: [Simtcl 6-16] Simulation closed
close_sim: Time (s): cpu = 00:00:05 ; elapsed = 00:00:09 . Memory (MB): peak = 814.785 ; gain = 0.000
exit
INFO: [Common 17-206] Exiting Vivado at Fri Sep 20 22:43:43 2019...
