Unable to capture context for thread 2664 in process 2236, can not generate back trace
Unable to capture context for thread 1288 in process 2236, can not generate back trace
Unable to capture context for thread 7708 in process 2236, can not generate back trace
Exception at PC 0x00007FFE68ECBB93
Printing stacktrace...

[0]  [0x00007FFE68ECBB93]
[1]  [0x00007FFE68ECBB93]
[2]  [0x00007FFE68ECB4A1]
[3]  [0x00007FFE68ECB3EF]
[4]  [0x00007FFE68EB19FE]
[5]  [0x00007FFE68EB0ED1]
[6]  [0x00007FFE68EB0D76]
[7]  [0x00007FFE68E579F6]
[8]  [0x00007FFE68E47AFB]
[9]  [0x00007FFE68F6E90A]
[10]  [0x00007FFE68F89F87]
[11]  [0x00007FFE68F8A05F]
[12] (BaseThreadInitThunk+0x14) [0x00007FFED75C4034]
[13] (RtlUserThreadStart+0x21) [0x00007FFED7C03691]
Done
Exception at PC 0x00007FFE68BD1A52
Attemped to write at address 0x00007FFEB0B8ABA4
Printing stacktrace...

[0]  [0x00007FFE68BD1A52]
[1]  [0x00007FFE68BD1A52]
[2]  [0x00007FFE68BD1AD4]
[3]  [0x00007FFE68D13FF7]
[4]  [0x00007FFE68BF9128]
[5]  [0x00007FFE68EADFB9]
[6]  [0x00007FFE6907EF23]
[7]  [0x00007FFE68F8B06B]
[8]  [0x00007FFE68F808AF]
[9]  [0x00007FFE68F80A32]
[10] (RtlActivateActivationContextUnsafeFast+0x123) [0x00007FFED7BCB583]
[11] (LdrShutdownProcess+0x125) [0x00007FFED7BD7F85]
[12] (RtlExitUserProcess+0xd8) [0x00007FFED7BD7E48]
[13] (FatalExit+0xa) [0x00007FFED75CCA7A]
[14] (exit+0x75) [0x00007FFED64C9CE5]
[15] (initterm_e+0x235) [0x00007FFED64CA345]
[16]  [0x00000000004014CD]
[17]  [0x000000000040151B]
[18] (BaseThreadInitThunk+0x14) [0x00007FFED75C4034]
[19] (RtlUserThreadStart+0x21) [0x00007FFED7C03691]
Done
